<?xml version="1.0" encoding="UTF-8"?>
<!-- Generated by org.testng.reporters.JUnitReportReporter -->
<testsuite name="com.Automation.dummyAut.TestCase" tests="2" time="17.051" ignored="0" failures="0" timestamp="07 Aug 2019 15:53:24 GMT" skipped="0" hostname="LAPTOP-5GC4D6HG" errors="0">
  <testcase name="Test2" time="9.082" classname="com.Automation.dummyAut.TestCase"/>
  <testcase name="Test1" time="7.969" classname="com.Automation.dummyAut.TestCase"/>
</testsuite> <!-- com.Automation.dummyAut.TestCase -->
